<?xml version="1.0" encoding="UTF-8"?>
<!-- Generated by org.testng.reporters.JUnitReportReporter -->
<testsuite hostname="DESKTOP-LLS7CNB" failures="0" tests="1" name="MYtestcases" time="25.350" errors="0" timestamp="2024-01-19T00:02:09 EET" skipped="0">
  <testcase classname="MYtestcases" name="TestTheBrowser" time="25.350"/>
  <system-out/>
</testsuite> <!-- MYtestcases -->
